<?xml version="1.0" encoding="UTF-8"?>
<testsuite xmlns:xsi="http://www.w3.org/2001/XMLSchema-instance" xsi:noNamespaceSchemaLocation="https://maven.apache.org/surefire/maven-surefire-plugin/xsd/surefire-test-report-3.0.xsd" version="3.0" name="com.sloan.backend.inventory.InventoryServiceTest" time="0.333" tests="6" errors="0" skipped="0" failures="0">
  <properties>
[...]
</properties>
  <testcase name="reserveStock_throws_onNonPositiveQuantity" classname="com.sloan.backend.inventory.InventoryServiceTest" time="0.148"/>
  <testcase name="reserveStock_throws_whenInsufficient" classname="com.sloan.backend.inventory.InventoryServiceTest" time="0.004"/>
  <testcase name="addStock_throws_onNonPositiveQuantity" classname="com.sloan.backend.inventory.InventoryServiceTest" time="0.001"/>
  <testcase name="reserveStock_decrements_whenAvailable" classname="com.sloan.backend.inventory.InventoryServiceTest" time="0.013"/>
  <testcase name="addStock_increments_properly" classname="com.sloan.backend.inventory.InventoryServiceTest" time="0.004"/>
  <testcase name="reserveStock_throws_whenProductNotFound" classname="com.sloan.backend.inventory.InventoryServiceTest" time="0.004"/>
</testsuite>